0 silly argv {
0 silly argv   _: [ 'run' ],
0 silly argv   scope: 'fetch-request',
0 silly argv   lernaVersion: '8.0.1',
0 silly argv   '$0': '..\\..\\AppData\\Roaming\\npm\\node_modules\\lerna\\dist\\cli.js',
0 silly argv   script: 'tsc'
0 silly argv }
1 notice cli v8.0.1
2 verbose packageConfigs Explicit "packages" configuration found in lerna.json. Resolving packages using the configured glob(s): ["packages/**/*"]
3 verbose rootPath C:\Users\USER\Desktop\libbest
4 error Error: The following projects are defined in multiple locations:
4 error - tempdata:
4 error   - packages/libbest/tempdata
4 error   - packages/libbest/utils
4 error
4 error To fix this, set a unique name for each project in a project.json inside the project's root. If the project does not currently have a project.json, you can create one that contains only a name.
4 error     at readProjectConfigurationsFromRootMap (C:\Users\USER\AppData\Roaming\npm\node_modules\lerna\node_modules\nx\src\project-graph\utils\project-configuration-utils.js:218:15)
4 error     at C:\Users\USER\AppData\Roaming\npm\node_modules\lerna\node_modules\nx\src\project-graph\utils\project-configuration-utils.js:188:23
4 error     at process.processTicksAndRejections (node:internal/process/task_queues:95:5)
4 error     at async createProjectConfigurations (C:\Users\USER\AppData\Roaming\npm\node_modules\lerna\node_modules\nx\src\project-graph\utils\retrieve-workspace-files.js:89:62)
4 error     at async buildProjectGraphAndSourceMapsWithoutDaemon (C:\Users\USER\AppData\Roaming\npm\node_modules\lerna\node_modules\nx\src\project-graph\project-graph.js:71:69)
4 error     at async createProjectGraphAndSourceMapsAsync (C:\Users\USER\AppData\Roaming\npm\node_modules\lerna\node_modules\nx\src\project-graph\project-graph.js:136:25)
4 error     at async createProjectGraphAsync (C:\Users\USER\AppData\Roaming\npm\node_modules\lerna\node_modules\nx\src\project-graph\project-graph.js:125:39)
4 error     at async detectProjects (C:\Users\USER\AppData\Roaming\npm\node_modules\lerna\dist\index.js:1556:25)
